<?xml version="1.0" encoding="UTF-8"?>
<!-- Generated by org.testng.reporters.JUnitReportReporter -->
<testsuite hostname="DESKTOP-5Q412EM" failures="0" tests="2" name="tests.CreateGalleryTest" time="43.866" errors="0" timestamp="2022-02-24T20:17:32 CET" skipped="0">
  <testcase classname="tests.CreateGalleryTest" name="createGalleryWithTwoImages" time="29.322"/>
  <system-out/>
  <testcase classname="tests.CreateGalleryTest" name="createGalleryWithOneImage" time="14.544"/>
  <system-out/>
</testsuite> <!-- tests.CreateGalleryTest -->
