<?xml version="1.0" encoding="UTF-8"?>
<!-- Generated by org.testng.reporters.JUnitReportReporter -->
<testsuite hostname="DESKTOP-5Q412EM" failures="0" tests="1" name="tests.LogoutTests" time="21.586" errors="0" timestamp="2022-02-24T19:41:53 CET" skipped="0">
  <testcase classname="tests.LogoutTests" name="logoutTest" time="21.586"/>
  <system-out/>
</testsuite> <!-- tests.LogoutTests -->
