<?xml version="1.0" encoding="UTF-8"?>
<!-- Generated by org.testng.reporters.JUnitReportReporter -->
<testsuite hostname="DESKTOP-5Q412EM" failures="0" tests="4" name="tests.LoginTests" time="39.619" errors="0" timestamp="2022-02-24T19:39:02 CET" skipped="0">
  <testcase classname="tests.LoginTests" name="logInInvalidCredentials" time="10.391"/>
  <system-out/>
  <testcase classname="tests.LoginTests" name="loginWithInvalidPassword" time="9.723"/>
  <system-out/>
  <testcase classname="tests.LoginTests" name="loginWithInvalidEmail" time="9.750"/>
  <system-out/>
  <testcase classname="tests.LoginTests" name="logInValidCredentials" time="9.755"/>
  <system-out/>
</testsuite> <!-- tests.LoginTests -->
