<?xml version="1.0" encoding="UTF-8"?>
<!-- Generated by org.testng.reporters.JUnitReportReporter -->
<testsuite hostname="DESKTOP-5Q412EM" failures="0" tests="1" name="tests.MyGalleriesTests" time="19.778" errors="0" timestamp="2022-02-24T20:14:21 CET" skipped="0">
  <testcase classname="tests.MyGalleriesTests" name="findMyGallery" time="19.778"/>
  <system-out/>
</testsuite> <!-- tests.MyGalleriesTests -->
